<?xml version="1.0" encoding="UTF-8"?>
<!-- Generated by org.testng.reporters.JUnitReportReporter -->
<testsuite hostname="LAPTOP-HN8ILKIF" failures="1" tests="3" name="CucumberOptions.TestNGTestRunner" time="51.523" errors="0" timestamp="2026-07-03T12:07:54 IST" skipped="0">
  <testcase classname="CucumberOptions.TestNGTestRunner" name="runScenario" time="17.863"/>
  <testcase classname="CucumberOptions.TestNGTestRunner" name="runScenario" time="17.802">
    <failure message="expected [Beetroot] but found [No data]" type="java.lang.AssertionError">
      <![CDATA[java.lang.AssertionError: expected [Beetroot] but found [No data]
at org.testng.Assert.fail(Assert.java:111)
at org.testng.Assert.failNotEquals(Assert.java:1590)
at org.testng.Assert.assertEqualsImpl(Assert.java:150)
at org.testng.Assert.assertEquals(Assert.java:132)
at org.testng.Assert.assertEquals(Assert.java:656)
at org.testng.Assert.assertEquals(Assert.java:666)
at stepDefinitions.OfferPageStepDefinition.validate_product_name_is_same_in_both_landing_page_and_offer_page(OfferPageStepDefinition.java:54)
at ✽.validate product name is same in both landing page and offer page(file:///E:/Nandini_GT/BDD_Cucumber_Framework/CucumberFramework/src/test/java/features/searchProduct.feature:17)
]]>
    </failure>
  </testcase> <!-- runScenario -->
  <testcase classname="CucumberOptions.TestNGTestRunner" name="runScenario" time="15.858"/>
</testsuite> <!-- CucumberOptions.TestNGTestRunner -->
